C:\CODE\C-C++\DISTRIBUTEAGILOR\SERVER\DEBUG\BASEGETVALUEENTITY.OBJ
C:\CODE\C-C++\DISTRIBUTEAGILOR\SERVER\DEBUG\BASEGETVALUEENTITY.SBR
C:\CODE\C-C++\DISTRIBUTEAGILOR\SERVER\DEBUG\BASEOBJECT.OBJ
C:\CODE\C-C++\DISTRIBUTEAGILOR\SERVER\DEBUG\BASEOBJECT.SBR
C:\CODE\C-C++\DISTRIBUTEAGILOR\SERVER\DEBUG\BASESOCKET.OBJ
C:\CODE\C-C++\DISTRIBUTEAGILOR\SERVER\DEBUG\BASESOCKET.SBR
C:\CODE\C-C++\DISTRIBUTEAGILOR\SERVER\DEBUG\BASESOCKETRECEIVETHREAD.OBJ
C:\CODE\C-C++\DISTRIBUTEAGILOR\SERVER\DEBUG\BASESOCKETRECEIVETHREAD.SBR
C:\CODE\C-C++\DISTRIBUTEAGILOR\SERVER\DEBUG\BASESOCKETSENDTHREAD.OBJ
C:\CODE\C-C++\DISTRIBUTEAGILOR\SERVER\DEBUG\BASESOCKETSENDTHREAD.SBR
C:\CODE\C-C++\DISTRIBUTEAGILOR\SERVER\DEBUG\BASETHREAD.OBJ
C:\CODE\C-C++\DISTRIBUTEAGILOR\SERVER\DEBUG\BASETHREAD.SBR
C:\CODE\C-C++\DISTRIBUTEAGILOR\SERVER\DEBUG\BASETYPE.OBJ
C:\CODE\C-C++\DISTRIBUTEAGILOR\SERVER\DEBUG\BASETYPE.SBR
C:\code\c-c++\distributeAgilor\server\Debug\cl.command.1.tlog
C:\code\c-c++\distributeAgilor\server\Debug\CL.read.1.tlog
C:\code\c-c++\distributeAgilor\server\Debug\CL.write.1.tlog
C:\CODE\C-C++\DISTRIBUTEAGILOR\SERVER\DEBUG\COMFUNCS.OBJ
C:\CODE\C-C++\DISTRIBUTEAGILOR\SERVER\DEBUG\COMFUNCS.SBR
C:\CODE\C-C++\DISTRIBUTEAGILOR\SERVER\DEBUG\DATAEXCHANGEPIPE.OBJ
C:\CODE\C-C++\DISTRIBUTEAGILOR\SERVER\DEBUG\DATAEXCHANGEPIPE.SBR
C:\CODE\C-C++\DISTRIBUTEAGILOR\SERVER\DEBUG\DATAEXECUTOR.SBR
C:\CODE\C-C++\DISTRIBUTEAGILOR\SERVER\DEBUG\DOUBLEQUEUEBUFFER.OBJ
C:\CODE\C-C++\DISTRIBUTEAGILOR\SERVER\DEBUG\DOUBLEQUEUEBUFFER.SBR
C:\CODE\C-C++\DISTRIBUTEAGILOR\SERVER\DEBUG\KERNELMONITORV1.OBJ
C:\CODE\C-C++\DISTRIBUTEAGILOR\SERVER\DEBUG\KERNELMONITORV1.PCH
C:\CODE\C-C++\DISTRIBUTEAGILOR\SERVER\DEBUG\KERNELMONITORV1.SBR
C:\code\c-c++\distributeAgilor\server\Debug\KernelMonitorv1.write.1.tlog
C:\CODE\C-C++\DISTRIBUTEAGILOR\SERVER\DEBUG\KERNELMONITORV1DLG.OBJ
C:\CODE\C-C++\DISTRIBUTEAGILOR\SERVER\DEBUG\KERNELMONITORV1DLG.SBR
C:\CODE\C-C++\DISTRIBUTEAGILOR\SERVER\DEBUG\LISTENSOCKET.OBJ
C:\CODE\C-C++\DISTRIBUTEAGILOR\SERVER\DEBUG\LISTENSOCKET.SBR
C:\CODE\C-C++\DISTRIBUTEAGILOR\SERVER\DEBUG\MANAGEKERNELPARAMETER.OBJ
C:\CODE\C-C++\DISTRIBUTEAGILOR\SERVER\DEBUG\MANAGEKERNELPARAMETER.SBR
C:\CODE\C-C++\DISTRIBUTEAGILOR\SERVER\DEBUG\MONITORRECEIVESOCKET.OBJ
C:\CODE\C-C++\DISTRIBUTEAGILOR\SERVER\DEBUG\MONITORRECEIVESOCKET.SBR
C:\CODE\C-C++\DISTRIBUTEAGILOR\SERVER\DEBUG\STDAFX.OBJ
C:\CODE\C-C++\DISTRIBUTEAGILOR\SERVER\DEBUG\STDAFX.SBR
C:\code\c-c++\distributeAgilor\server\Debug\vc100.idb
C:\CODE\C-C++\DISTRIBUTEAGILOR\SERVER\DEBUG\VC100.PDB
